This is pdfTeX, Version 3.14159265-2.6-1.40.18 (TeX Live 2017/Debian) (preloaded format=pdflatex 2018.10.14)  31 DEC 2018 04:13
entering extended mode
 restricted \write18 enabled.
 file:line:error style messages enabled.
 %&-line parsing enabled.
**/home/xiaosheng/CMEECourseWork/HPC/code/latex/xiaosheng.tex
(/home/xiaosheng/CMEECourseWork/HPC/code/latex/xiaosheng.tex
LaTeX2e <2017-04-15>
Babel <3.18> and hyphenation patterns for 84 language(s) loaded.
(/usr/share/texlive/texmf-dist/tex/latex/base/article.cls
Document Class: article 2014/09/29 v1.4h Standard LaTeX document class
(/usr/share/texlive/texmf-dist/tex/latex/base/size12.clo
File: size12.clo 2014/09/29 v1.4h Standard LaTeX file (size option)
)
\c@part=\count79
\c@section=\count80
\c@subsection=\count81
\c@subsubsection=\count82
\c@paragraph=\count83
\c@subparagraph=\count84
\c@figure=\count85
\c@table=\count86
\abovecaptionskip=\skip41
\belowcaptionskip=\skip42
\bibindent=\dimen102
) (/usr/share/texlive/texmf-dist/tex/latex/graphics/graphicx.sty
Package: graphicx 2017/06/01 v1.1a Enhanced LaTeX Graphics (DPC,SPQR)
 (/usr/share/texlive/texmf-dist/tex/latex/graphics/keyval.sty
Package: keyval 2014/10/28 v1.15 key=value parser (DPC)
\KV@toks@=\toks14
) (/usr/share/texlive/texmf-dist/tex/latex/graphics/graphics.sty
Package: graphics 2017/06/25 v1.2c Standard LaTeX Graphics (DPC,SPQR)
 (/usr/share/texlive/texmf-dist/tex/latex/graphics/trig.sty
Package: trig 2016/01/03 v1.10 sin cos tan (DPC)
) (/usr/share/texlive/texmf-dist/tex/latex/graphics-cfg/graphics.cfg
File: graphics.cfg 2016/06/04 v1.11 sample graphics configuration
)
Package graphics Info: Driver file: pdftex.def on input line 99.
 (/usr/share/texlive/texmf-dist/tex/latex/graphics-def/pdftex.def
File: pdftex.def 2018/01/08 v1.0l Graphics/color driver for pdftex
))
\Gin@req@height=\dimen103
\Gin@req@width=\dimen104
) (/usr/share/texlive/texmf-dist/tex/latex/fancyhdr/fancyhdr.sty
Package: fancyhdr 2017/06/30 v3.9a Extensive control of page headers and footers
\f@nch@headwidth=\skip43
\f@nch@O@elh=\skip44
\f@nch@O@erh=\skip45
\f@nch@O@olh=\skip46
\f@nch@O@orh=\skip47
\f@nch@O@elf=\skip48
\f@nch@O@erf=\skip49
\f@nch@O@olf=\skip50
\f@nch@O@orf=\skip51
) (/usr/share/texlive/texmf-dist/tex/latex/subfigure/subfigure.sty
Package: subfigure 2002/03/15 v2.1.5 subfigure package
\subfigtopskip=\skip52
\subfigcapskip=\skip53
\subfigcaptopadj=\dimen105
\subfigbottomskip=\skip54
\subfigcapmargin=\dimen106
\subfiglabelskip=\skip55
\c@subfigure=\count87
\c@lofdepth=\count88
\c@subtable=\count89
\c@lotdepth=\count90

****************************************
* Local config file subfigure.cfg used *
****************************************
(/usr/share/texlive/texmf-dist/tex/latex/subfigure/subfigure.cfg)
\subfig@top=\skip56
\subfig@bottom=\skip57
) (/usr/share/texlive/texmf-dist/tex/latex/listings/listings.sty
\lst@mode=\count91
\lst@gtempboxa=\box26
\lst@token=\toks15
\lst@length=\count92
\lst@currlwidth=\dimen107
\lst@column=\count93
\lst@pos=\count94
\lst@lostspace=\dimen108
\lst@width=\dimen109
\lst@newlines=\count95
\lst@lineno=\count96
\lst@maxwidth=\dimen110
 (/usr/share/texlive/texmf-dist/tex/latex/listings/lstmisc.sty
File: lstmisc.sty 2015/06/04 1.6 (Carsten Heinz)
\c@lstnumber=\count97
\lst@skipnumbers=\count98
\lst@framebox=\box27
) (/usr/share/texlive/texmf-dist/tex/latex/listings/listings.cfg
File: listings.cfg 2015/06/04 1.6 listings configuration
))
Package: listings 2015/06/04 1.6 (Carsten Heinz)
 (/usr/share/texlive/texmf-dist/tex/latex/xcolor/xcolor.sty
Package: xcolor 2016/05/11 v2.12 LaTeX color extensions (UK)
 (/usr/share/texlive/texmf-dist/tex/latex/graphics-cfg/color.cfg
File: color.cfg 2016/01/02 v1.6 sample color configuration
)
Package xcolor Info: Driver file: pdftex.def on input line 225.
Package xcolor Info: Model `cmy' substituted by `cmy0' on input line 1348.
Package xcolor Info: Model `hsb' substituted by `rgb' on input line 1352.
Package xcolor Info: Model `RGB' extended on input line 1364.
Package xcolor Info: Model `HTML' substituted by `rgb' on input line 1366.
Package xcolor Info: Model `Hsb' substituted by `hsb' on input line 1367.
Package xcolor Info: Model `tHsb' substituted by `hsb' on input line 1368.
Package xcolor Info: Model `HSB' substituted by `hsb' on input line 1369.
Package xcolor Info: Model `Gray' substituted by `gray' on input line 1370.
Package xcolor Info: Model `wave' substituted by `hsb' on input line 1371.
) (./xiaosheng.aux)
\openout1 = `xiaosheng.aux'.

LaTeX Font Info:    Checking defaults for OML/cmm/m/it on input line 15.
LaTeX Font Info:    ... okay on input line 15.
LaTeX Font Info:    Checking defaults for T1/cmr/m/n on input line 15.
LaTeX Font Info:    ... okay on input line 15.
LaTeX Font Info:    Checking defaults for OT1/cmr/m/n on input line 15.
LaTeX Font Info:    ... okay on input line 15.
LaTeX Font Info:    Checking defaults for OMS/cmsy/m/n on input line 15.
LaTeX Font Info:    ... okay on input line 15.
LaTeX Font Info:    Checking defaults for OMX/cmex/m/n on input line 15.
LaTeX Font Info:    ... okay on input line 15.
LaTeX Font Info:    Checking defaults for U/cmr/m/n on input line 15.
LaTeX Font Info:    ... okay on input line 15.
 (/usr/share/texlive/texmf-dist/tex/context/base/mkii/supp-pdf.mkii
[Loading MPS to PDF converter (version 2006.09.02).]
\scratchcounter=\count99
\scratchdimen=\dimen111
\scratchbox=\box28
\nofMPsegments=\count100
\nofMParguments=\count101
\everyMPshowfont=\toks16
\MPscratchCnt=\count102
\MPscratchDim=\dimen112
\MPnumerator=\count103
\makeMPintoPDFobject=\count104
\everyMPtoPDFconversion=\toks17
) (/usr/share/texlive/texmf-dist/tex/latex/oberdiek/epstopdf-base.sty
Package: epstopdf-base 2016/05/15 v2.6 Base part for package epstopdf
 (/usr/share/texlive/texmf-dist/tex/generic/oberdiek/infwarerr.sty
Package: infwarerr 2016/05/16 v1.4 Providing info/warning/error messages (HO)
) (/usr/share/texlive/texmf-dist/tex/latex/oberdiek/grfext.sty
Package: grfext 2016/05/16 v1.2 Manage graphics extensions (HO)
 (/usr/share/texlive/texmf-dist/tex/generic/oberdiek/kvdefinekeys.sty
Package: kvdefinekeys 2016/05/16 v1.4 Define keys (HO)
 (/usr/share/texlive/texmf-dist/tex/generic/oberdiek/ltxcmds.sty
Package: ltxcmds 2016/05/16 v1.23 LaTeX kernel commands for general use (HO)
))) (/usr/share/texlive/texmf-dist/tex/latex/oberdiek/kvoptions.sty
Package: kvoptions 2016/05/16 v3.12 Key value format for package options (HO)
 (/usr/share/texlive/texmf-dist/tex/generic/oberdiek/kvsetkeys.sty
Package: kvsetkeys 2016/05/16 v1.17 Key value parser (HO)
 (/usr/share/texlive/texmf-dist/tex/generic/oberdiek/etexcmds.sty
Package: etexcmds 2016/05/16 v1.6 Avoid name clashes with e-TeX commands (HO)
 (/usr/share/texlive/texmf-dist/tex/generic/oberdiek/ifluatex.sty
Package: ifluatex 2016/05/16 v1.4 Provides the ifluatex switch (HO)
Package ifluatex Info: LuaTeX not detected.
)
Package etexcmds Info: Could not find \expanded.
(etexcmds)             That can mean that you are not using pdfTeX 1.50 or
(etexcmds)             that some package has redefined \expanded.
(etexcmds)             In the latter case, load this package earlier.
))) (/usr/share/texlive/texmf-dist/tex/generic/oberdiek/pdftexcmds.sty
Package: pdftexcmds 2018/01/21 v0.26 Utility functions of pdfTeX for LuaTeX (HO)
 (/usr/share/texlive/texmf-dist/tex/generic/oberdiek/ifpdf.sty
Package: ifpdf 2017/03/15 v3.2 Provides the ifpdf switch
)
Package pdftexcmds Info: LuaTeX not detected.
Package pdftexcmds Info: \pdf@primitive is available.
Package pdftexcmds Info: \pdf@ifprimitive is available.
Package pdftexcmds Info: \pdfdraftmode found.
)
Package epstopdf-base Info: Redefining graphics rule for `.eps' on input line 438.
Package grfext Info: Graphics extension search list:
(grfext)             [.pdf,.png,.jpg,.mps,.jpeg,.jbig2,.jb2,.PDF,.PNG,.JPG,.JPEG,.JBIG2,.JB2,.eps]
(grfext)             \AppendGraphicsExtensions on input line 456.
 (/usr/share/texlive/texmf-dist/tex/latex/latexconfig/epstopdf-sys.cfg
File: epstopdf-sys.cfg 2010/07/13 v1.3 Configuration of (r)epstopdf for TeX Live
))
\c@lstlisting=\count105
 (./titlepage.tex
<./imperial.pdf, id=1, 362.35374pt x 96.36pt>
File: ./imperial.pdf Graphic file (type pdf)
<use ./imperial.pdf>
Package pdftex.def Info: ./imperial.pdf  used on input line 10.
(pdftex.def)             Requested size: 142.26378pt x 37.83167pt.

Underfull \hbox (badness 10000) in paragraph at lines 10--11

 []

[1

{/var/lib/texmf/fonts/map/pdftex/updmap/pdftex.map} <./imperial.pdf>])
<../../results/Question8.pdf, id=37, 505.89pt x 505.89pt>
File: ../../results/Question8.pdf Graphic file (type pdf)
<use ../../results/Question8.pdf>
Package pdftex.def Info: ../../results/Question8.pdf  used on input line 31.
(pdftex.def)             Requested size: 234.00238pt x 234.00133pt.


Package Fancyhdr Warning: \headheight is too small (12.0pt): 
 Make it at least 14.49998pt.
 We now make it that large for the rest of the document.
 This may cause the page layout to be inconsistent, however.

[1 <../../results/Question8.pdf>]
<../../results/Question12.pdf, id=49, 505.89pt x 505.89pt>
File: ../../results/Question12.pdf Graphic file (type pdf)
<use ../../results/Question12.pdf>
Package pdftex.def Info: ../../results/Question12.pdf  used on input line 47.
(pdftex.def)             Requested size: 234.00238pt x 234.00133pt.
 [2 <../../results/Question12.pdf>]
Missing character: There is no â in font cmr12!
Missing character: There is no € in font cmr12!
Missing character: There is no ˜ in font cmr12!
Missing character: There is no â in font cmr12!
Missing character: There is no € in font cmr12!
Missing character: There is no ™ in font cmr12!
<../../results/Question16.pdf, id=60, 505.89pt x 505.89pt>
File: ../../results/Question16.pdf Graphic file (type pdf)
<use ../../results/Question16.pdf>
Package pdftex.def Info: ../../results/Question16.pdf  used on input line 63.
(pdftex.def)             Requested size: 234.00238pt x 234.00133pt.
Missing character: There is no ã in font cmr12!
Missing character: There is no € in font cmr12!
Missing character: There is no ‚ in font cmr12!
Missing character: There is no â in font cmr12!
Missing character: There is no € in font cmr12!
Missing character: There is no ˜ in font cmr12!
Missing character: There is no â in font cmr12!
Missing character: There is no € in font cmr12!
Missing character: There is no ™ in font cmr12!
 [3 <../../results/Question16.pdf>]
<../../results/ChallengeA.pdf, id=70, 505.89pt x 505.89pt>
File: ../../results/ChallengeA.pdf Graphic file (type pdf)
<use ../../results/ChallengeA.pdf>
Package pdftex.def Info: ../../results/ChallengeA.pdf  used on input line 78.
(pdftex.def)             Requested size: 234.00238pt x 234.00133pt.
 [4 <../../results/ChallengeA.pdf>]
<../../results/ChallengeB.pdf, id=81, 505.89pt x 505.89pt>
File: ../../results/ChallengeB.pdf Graphic file (type pdf)
<use ../../results/ChallengeB.pdf>
Package pdftex.def Info: ../../results/ChallengeB.pdf  used on input line 91.
(pdftex.def)             Requested size: 234.00238pt x 234.00133pt.
 [5 <../../results/ChallengeB.pdf>]
<../../results/Question20.pdf, id=91, 505.89pt x 505.89pt>
File: ../../results/Question20.pdf Graphic file (type pdf)
<use ../../results/Question20.pdf>
Package pdftex.def Info: ../../results/Question20.pdf  used on input line 104.
(pdftex.def)             Requested size: 312.00119pt x 312.00435pt.
 [6 <../../results/Question20.pdf>]
<../../results/ChallengeC.pdf, id=102, 505.89pt x 505.89pt>
File: ../../results/ChallengeC.pdf Graphic file (type pdf)
<use ../../results/ChallengeC.pdf>
Package pdftex.def Info: ../../results/ChallengeC.pdf  used on input line 117.
(pdftex.def)             Requested size: 190.63338pt x 190.63458pt.

Overfull \hbox (3.43504pt too wide) in paragraph at lines 117--118
 [][] 
 []

<../../results/ChallengeC-2.pdf, id=103, 505.89pt x 505.89pt>
File: ../../results/ChallengeC-2.pdf Graphic file (type pdf)
<use ../../results/ChallengeC-2.pdf>
Package pdftex.def Info: ../../results/ChallengeC-2.pdf  used on input line 122.
(pdftex.def)             Requested size: 190.63338pt x 190.63458pt.

Overfull \hbox (3.43504pt too wide) in paragraph at lines 122--123
 [][] 
 []

[7 <../../results/ChallengeC.pdf> <../../results/ChallengeC-2.pdf>]
<../../results/ChallengeD.pdf, id=119, 505.89pt x 505.89pt>
File: ../../results/ChallengeD.pdf Graphic file (type pdf)
<use ../../results/ChallengeD.pdf>
Package pdftex.def Info: ../../results/ChallengeD.pdf  used on input line 135.
(pdftex.def)             Requested size: 312.00119pt x 312.00435pt.
 [8 <../../results/ChallengeD.pdf>] [9]
<./1.png, id=132, 602.25pt x 602.25pt>
File: ./1.png Graphic file (type png)
<use ./1.png>
Package pdftex.def Info: ./1.png  used on input line 157.
(pdftex.def)             Requested size: 162.17775pt x 162.17775pt.
<./2.jpg, id=134, 596.2275pt x 447.6725pt>
File: ./2.jpg Graphic file (type jpg)
<use ./2.jpg>
Package pdftex.def Info: ./2.jpg  used on input line 161.
(pdftex.def)             Requested size: 190.63293pt x 162.17978pt.

Overfull \hbox (3.4346pt too wide) in paragraph at lines 161--162
 [][] 
 []

LaTeX Font Info:    External font `cmex10' loaded for size
(Font)              <12> on input line 164.
LaTeX Font Info:    External font `cmex10' loaded for size
(Font)              <8> on input line 164.
LaTeX Font Info:    External font `cmex10' loaded for size
(Font)              <6> on input line 164.
[10 <./1.png> <./2.jpg>]
<../../results/Gasket1.pdf, id=140, 614.295pt x 794.97pt>
File: ../../results/Gasket1.pdf Graphic file (type pdf)
<use ../../results/Gasket1.pdf>
Package pdftex.def Info: ../../results/Gasket1.pdf  used on input line 180.
(pdftex.def)             Requested size: 190.63568pt x 133.72386pt.

Overfull \hbox (3.43735pt too wide) in paragraph at lines 180--180
 [][] 
 []

<../../results/Gasket2.pdf, id=141, 614.295pt x 794.97pt>
File: ../../results/Gasket2.pdf Graphic file (type pdf)
<use ../../results/Gasket2.pdf>
Package pdftex.def Info: ../../results/Gasket2.pdf  used on input line 186.
(pdftex.def)             Requested size: 190.63568pt x 133.72386pt.

Overfull \hbox (3.43735pt too wide) in paragraph at lines 186--186
 [][] 
 []

<../../results/Gasket3.pdf, id=142, 614.295pt x 794.97pt>
File: ../../results/Gasket3.pdf Graphic file (type pdf)
<use ../../results/Gasket3.pdf>
Package pdftex.def Info: ../../results/Gasket3.pdf  used on input line 192.
(pdftex.def)             Requested size: 190.63568pt x 133.72386pt.

Overfull \hbox (3.43735pt too wide) in paragraph at lines 192--193
 [][] 
 []

<../../results/Gasket4.pdf, id=143, 614.295pt x 794.97pt>
File: ../../results/Gasket4.pdf Graphic file (type pdf)
<use ../../results/Gasket4.pdf>
Package pdftex.def Info: ../../results/Gasket4.pdf  used on input line 197.
(pdftex.def)             Requested size: 190.63568pt x 133.72386pt.

Overfull \hbox (3.43735pt too wide) in paragraph at lines 197--198
 [][] 
 []

Missing character: There is no ï in font cmr12!
Missing character: There is no ¼ in font cmr12!
Missing character: There is no Œ in font cmr12!
<../../results/fern1.pdf, id=144, 614.295pt x 794.97pt>
File: ../../results/fern1.pdf Graphic file (type pdf)
<use ../../results/fern1.pdf>
Package pdftex.def Info: ../../results/fern1.pdf  used on input line 217.
(pdftex.def)             Requested size: 128.03091pt x 133.72386pt.

Overfull \hbox (3.22806pt too wide) in paragraph at lines 217--217
 [][] 
 []

<../../results/fern2.pdf, id=145, 614.295pt x 794.97pt>
File: ../../results/fern2.pdf Graphic file (type pdf)
<use ../../results/fern2.pdf>
Package pdftex.def Info: ../../results/fern2.pdf  used on input line 223.
(pdftex.def)             Requested size: 128.03091pt x 133.72386pt.

Overfull \hbox (3.22806pt too wide) in paragraph at lines 223--223
 [][] 
 []

<../../results/fern3.pdf, id=146, 614.295pt x 794.97pt>
File: ../../results/fern3.pdf Graphic file (type pdf)
<use ../../results/fern3.pdf>
Package pdftex.def Info: ../../results/fern3.pdf  used on input line 229.
(pdftex.def)             Requested size: 128.03091pt x 133.72386pt.

Overfull \hbox (3.22806pt too wide) in paragraph at lines 229--229
 [][] 
 []

[11 <../../results/Gasket1.pdf> <../../results/Gasket2.pdf> <../../results/Gasket3.pdf> <../../results/Gasket4.pdf>]
LaTeX Font Info:    Try loading font information for OMS+cmr on input line 241.
 (/usr/share/texlive/texmf-dist/tex/latex/base/omscmr.fd
File: omscmr.fd 2014/09/29 v2.5h Standard LaTeX font definitions
)
LaTeX Font Info:    Font shape `OMS/cmr/m/n' in size <12> not available
(Font)              Font shape `OMS/cmsy/m/n' tried instead on input line 241.
 (/usr/share/texlive/texmf-dist/tex/latex/listings/lstlang1.sty
File: lstlang1.sty 2015/06/04 1.6 listings language file
) (/usr/share/texlive/texmf-dist/tex/latex/listings/lstlang2.sty
File: lstlang2.sty 2015/06/04 1.6 listings language file
) (/usr/share/texlive/texmf-dist/tex/latex/listings/lstlang3.sty
File: lstlang3.sty 2015/06/04 1.6 listings language file
)
LaTeX Font Info:    Try loading font information for OML+cmr on input line 255.
 (/usr/share/texlive/texmf-dist/tex/latex/base/omlcmr.fd
File: omlcmr.fd 2014/09/29 v2.5h Standard LaTeX font definitions
)
LaTeX Font Info:    Font shape `OML/cmr/m/n' in size <12> not available
(Font)              Font shape `OML/cmm/m/it' tried instead on input line 255.
 [12 <../../results/fern1.pdf> <../../results/fern2.pdf> <../../results/fern3.pdf>] (./xiaosheng.aux) ) 
Here is how much of TeX's memory you used:
 4360 strings out of 492982
 60362 string characters out of 6134895
 159543 words of memory out of 5000000
 7865 multiletter control sequences out of 15000+600000
 10096 words of font info for 35 fonts, out of 8000000 for 9000
 1141 hyphenation exceptions out of 8191
 41i,11n,43p,931b,1830s stack positions out of 5000i,500n,10000p,200000b,80000s
</usr/share/texlive/texmf-dist/fonts/type1/public/amsfonts/cm/cmbx12.pfb></usr/share/texlive/texmf-dist/fonts/type1/public/amsfonts/cm/cmcsc10.pfb></usr/share/texlive/texmf-dist/fonts/type1/public/amsfonts/cm/cmmi12.pfb></usr/share/texlive/texmf-dist/fonts/type1/public/amsfonts/cm/cmr10.pfb></usr/share/texlive/texmf-dist/fonts/type1/public/amsfonts/cm/cmr12.pfb></usr/share/texlive/texmf-dist/fonts/type1/public/amsfonts/cm/cmr6.pfb></usr/share/texlive/texmf-dist/fonts/type1/public/amsfonts/cm/cmsl12.pfb></usr/share/texlive/texmf-dist/fonts/type1/public/amsfonts/cm/cmsy10.pfb></usr/share/texlive/texmf-dist/fonts/type1/public/amsfonts/cm/cmti12.pfb>
Output written on xiaosheng.pdf (13 pages, 16678374 bytes).
PDF statistics:
 217 PDF objects out of 1000 (max. 8388607)
 143 compressed objects within 2 object streams
 0 named destinations out of 1000 (max. 500000)
 96 words of extra memory for PDF output out of 10000 (max. 10000000)

